<?xml version="1.0" encoding="UTF-8"?>
<!-- Generated by org.testng.reporters.JUnitReportReporter -->
<testsuite skipped="1" hostname="bhalerao" name="testngdemo.NewTest1" tests="5" failures="0" timestamp="09 Jun 2018 06:12:49 GMT" time="0.040" errors="0">
  <testcase name="test4" time="0.020" classname="testngdemo.NewTest1"/>
  <testcase name="test3" time="0.010" classname="testngdemo.NewTest1"/>
  <testcase name="test2" time="0.000" classname="testngdemo.NewTest1"/>
  <testcase name="test5" time="0.010" classname="testngdemo.NewTest1"/>
  <testcase name="test1" classname="testngdemo.NewTest1">
    <skipped/>
  </testcase> <!-- test1 -->
</testsuite> <!-- testngdemo.NewTest1 -->
