<?xml version="1.0" encoding="UTF-8"?>
<!-- Generated by org.testng.reporters.JUnitReportReporter -->
<testsuite skipped="0" hostname="bhalerao" name="testngdemo.NewTest2" tests="4" failures="0" timestamp="09 Jun 2018 06:24:00 GMT" time="0.020" errors="0">
  <testcase name="f4" time="0.020" classname="testngdemo.NewTest2"/>
  <testcase name="f3" time="0.000" classname="testngdemo.NewTest2"/>
  <testcase name="f2" time="0.000" classname="testngdemo.NewTest2"/>
  <testcase name="f1" time="0.000" classname="testngdemo.NewTest2"/>
</testsuite> <!-- testngdemo.NewTest2 -->
